\BOOKMARK [0][-]{chapter.1}{Useful formulas}{}% 1
\BOOKMARK [1][-]{section.1.1}{Guassian Integrals}{chapter.1}% 2
\BOOKMARK [1][-]{section.1.2}{Fourier Transform of Delta Function}{chapter.1}% 3
\BOOKMARK [1][-]{section.1.3}{Euler Integral}{chapter.1}% 4
\BOOKMARK [2][-]{subsection.1.3.1}{Euler Integral of The First Kind: Beta Function}{section.1.3}% 5
\BOOKMARK [2][-]{subsection.1.3.2}{Euler Integral of The Second Kind: Gamma Function}{section.1.3}% 6
\BOOKMARK [1][-]{section.1.4}{Baker-Campbell-Hausdorff Formula}{chapter.1}% 7
\BOOKMARK [1][-]{section.1.5}{Feynman Result}{chapter.1}% 8
\BOOKMARK [1][-]{section.1.6}{Laguerre Polynomials}{chapter.1}% 9
\BOOKMARK [1][-]{section.1.7}{Cramer's Rule}{chapter.1}% 10
\BOOKMARK [1][-]{section.1.8}{Sherman-Morrison Formula}{chapter.1}% 11
\BOOKMARK [1][-]{section.1.9}{Simple Impurity Model at Zero Temperature}{chapter.1}% 12
\BOOKMARK [1][-]{section.1.10}{Green's Function for Simple Cubic Lattice}{chapter.1}% 13
\BOOKMARK [0][-]{chapter.2}{Coherent States}{}% 14
\BOOKMARK [1][-]{section.2.1}{Boson Coherent States}{chapter.2}% 15
\BOOKMARK [1][-]{section.2.2}{Grassmann Algebra}{chapter.2}% 16
\BOOKMARK [1][-]{section.2.3}{Fermion Coherent States}{chapter.2}% 17
\BOOKMARK [0][-]{chapter.3}{Linear Response}{}% 18
\BOOKMARK [1][-]{section.3.1}{Perturbations Depending on Time}{chapter.3}% 19
\BOOKMARK [1][-]{section.3.2}{Fermi Golden Rule}{chapter.3}% 20
\BOOKMARK [1][-]{section.3.3}{The Generalized Susceptibility}{chapter.3}% 21
\BOOKMARK [1][-]{section.3.4}{The Fluctuation Dissipation Theorem}{chapter.3}% 22
\BOOKMARK [1][-]{section.3.5}{Kubo Greenwood Formula}{chapter.3}% 23
\BOOKMARK [1][-]{section.3.6}{Green Kubo Formula}{chapter.3}% 24
\BOOKMARK [0][-]{chapter.4}{Small Polaron}{}% 25
\BOOKMARK [1][-]{section.4.1}{Holstein Model}{chapter.4}% 26
\BOOKMARK [1][-]{section.4.2}{Weak Coupling Limit}{chapter.4}% 27
\BOOKMARK [1][-]{section.4.3}{Atomic Limit \(Zero Temperature\)}{chapter.4}% 28
\BOOKMARK [1][-]{section.4.4}{Atomic Limit \(Finite Temperature\)}{chapter.4}% 29
\BOOKMARK [1][-]{section.4.5}{The Impurity Analogy for A Single Electron}{chapter.4}% 30
\BOOKMARK [2][-]{subsection.4.5.1}{The Zero Temperature Formalism}{section.4.5}% 31
\BOOKMARK [2][-]{subsection.4.5.2}{The Finite Temperature Formalism}{section.4.5}% 32
\BOOKMARK [2][-]{subsection.4.5.3}{Dynamical Mean Field}{section.4.5}% 33
\BOOKMARK [0][-]{chapter.5}{Physical Constants}{}% 34
